SpyGlass Predictive Analyzer(R) - SpyGlass_vR-2020.12
All Rights Reserved. Use, disclosure or duplication 
without prior written permission of Synopsys Inc. is prohibited.
Technical support: email spyglass_support@synopsys.com 

Creating 'datasheet' reports using project 'sg_config.prj'
##cwd         : /home/s267517/assignment/riscv/gate/scan/syn/run/_snpDft_s267517.4704.0
##system      : Linux po.polito.it 3.10.0-957.1.3.el7.x86_64 #1 SMP Thu Nov 29 14:49:43 UTC 2018 x86_64 x86_64 x86_64 GNU/Linux
##Date & Time : Fri Jan 14 13:42:00 2022
Checkout 'datasheet' license at Fri Jan 14 13:42:00 2022 
Checkout 'datasheet' license completed at Fri Jan 14 13:42:00 2022 
Starting Generating DataSheet report at Fri Jan 14 13:42:00 2022 
Checking project file /home/s267517/assignment/riscv/gate/scan/syn/run/_snpDft_s267517.4704.0/sg_config.prj at Fri Jan 14 13:42:00 2022 
Processing Project File:/home/s267517/assignment/riscv/gate/scan/syn/run/_snpDft_s267517.4704.0/sg_config.prj 
     Work Directory:/home/s267517/assignment/riscv/gate/scan/syn/run/_snpDft_s267517.4704.0/sg_config 
     Top Name: riscv_core_0_128_1_16_1_1_0_0_0_0_0_0_0_0_0_3_6_15_5_1a110800 
     Group Mode: 0 
     Methodology:/eda/synopsys/2020-21/RHELx86/SPYGLASS_2020.12/SPYGLASS_HOME/GuideWare/2020.12/block/rtl_handoff 
    Goals executed: sg_dft_testpoint_analysis:: 
           Found data file /home/s267517/assignment/riscv/gate/scan/syn/run/_snpDft_s267517.4704.0/sg_config/riscv_core_0_128_1_16_1_1_0_0_0_0_0_0_0_0_0_3_6_15_5_1a110800//sg_dft_testpoint_analysis/spyglass_spysch/dft/UndetectedFaults 
Taking file /home/s267517/assignment/riscv/gate/scan/syn/run/_snpDft_s267517.4704.0/sg_config/riscv_core_0_128_1_16_1_1_0_0_0_0_0_0_0_0_0_3_6_15_5_1a110800//sg_dft_testpoint_analysis/spyglass_spysch/dft/UndetectedFaults for UndetectedFaults data 
DataSheet report processing completed at Fri Jan 14 13:42:00 2022 
Checking in 'datasheet' license at Fri Jan 14 13:42:00 2022 
Checking in 'datasheet' license completed at Fri Jan 14 13:42:00 2022 
----------------------------------------------------------------
Report 'datasheet' created.
  File: /home/s267517/assignment/riscv/gate/scan/syn/run/_snpDft_s267517.4704.0/sg_config/html_reports/datasheet.html 
----------------------------------------------------------------

SpyGlass Exit Code 0
