## Build and DRC
read_netlist ../rtl/lbist_blocks/mux2to1.vhd
 Begin reading netlist ( ../rtl/lbist_blocks/mux2to1.vhd )...
 Error: Line 13 (../rtl/lbist_blocks/mux2to1.vhd), parsing error (expected "arith_expression_operand" got "N"). (N1-1)
 Error: Line 13 (../rtl/lbist_blocks/mux2to1.vhd), parsing error (expected "anychar )" got "N"). (N1-2)
 Error: Line 13 (../rtl/lbist_blocks/mux2to1.vhd), parsing error (expected ")" got "-1 downto 0);"). (N1-3)
 Error: Line 13 (../rtl/lbist_blocks/mux2to1.vhd), parsing error (expected "anychar )" got "1 downto 0);"). (N1-4)
 Error: Line 14 (../rtl/lbist_blocks/mux2to1.vhd), parsing error (expected "anychar )" got "dout"). (N1-5)
 Error: Line 14 (../rtl/lbist_blocks/mux2to1.vhd), parsing error (expected ")" got ": out std_logic_vector(N-1 downto 0)"). (N1-6)
 Error: Line 14 (../rtl/lbist_blocks/mux2to1.vhd), parsing error (expected "anychar )" got "out"). (N1-7)
 Error: Line 14 (../rtl/lbist_blocks/mux2to1.vhd), parsing error (expected "anychar )" got "std_logic_vector"). (N1-8)
 Error: Line 14 (../rtl/lbist_blocks/mux2to1.vhd), parsing error (expected ")" got "(N-1 downto 0)"). (N1-9)
 Error: Line 14 (../rtl/lbist_blocks/mux2to1.vhd), parsing error (expected "anychar )" got "N" -- Too many errors; parsing terminated). (N1-10)
 External packages: ieee.std_logic_1164 ieee.numeric_std. Bit types: std_logic std_logic_vector. 
 Warning: Rule N2 (unsupported construct) was violated 1 times.
 End parsing VHDL file ../rtl/lbist_blocks/mux2to1.vhd with 10 errors;
 End reading netlist: #modules=1, top=(null), #lines=0, CPU_time=0.00 sec, Memory=0MB
 Information: script '/home/s267517/assignment/riscv/tmax.tcl'
	stopped at line 6 due to error. (CMD-081)

Extended error info:

    while executing
"read_netlist ../rtl/lbist_blocks/mux2to1.vhd"
    (file "/home/s267517/assignment/riscv/tmax.tcl" line 6)
 -- End Extended Error Info
