/eda/synopsys/2020-21/RHELx86/SYN_2020.09-SP2/auxx/gui/dv/dv_setup.tcl
/eda/synopsys/2020-21/RHELx86/SYN_2020.09-SP2/auxx/gui/syn/snpsSynProcs.tcl
/eda/synopsys/2020-21/RHELx86/SYN_2020.09-SP2/auxx/gui/syn/layout/pkgIndex.tcl
/eda/synopsys/2020-21/RHELx86/SYN_2020.09-SP2/auxx/gui/common/WindowFrameWork/pkgIndex.tcl
/eda/synopsys/2020-21/RHELx86/SYN_2020.09-SP2/auxx/gui/common/setup/pkgIndex.tcl
/eda/synopsys/2020-21/RHELx86/SYN_2020.09-SP2/auxx/gui/common/misc/pkgIndex.tcl
/eda/synopsys/2020-21/RHELx86/SYN_2020.09-SP2/auxx/gui/common/commandform/pkgIndex.tcl
/eda/synopsys/2020-21/RHELx86/SYN_2020.09-SP2/auxx/gui/common/tcl-dp/pkgIndex.tcl
/eda/synopsys/2020-21/RHELx86/SYN_2020.09-SP2/auxx/gui/common/tiledview/pkgIndex.tcl
/eda/synopsys/2020-21/RHELx86/SYN_2020.09-SP2/auxx/gui/common/acg/pkgIndex.tcl
/eda/synopsys/2020-21/RHELx86/SYN_2020.09-SP2/auxx/gui/common/utable/pkgIndex.tcl
/eda/synopsys/2020-21/RHELx86/SYN_2020.09-SP2/auxx/gui/common/highlight/pkgIndex.tcl
/eda/synopsys/2020-21/RHELx86/SYN_2020.09-SP2/auxx/gui/common/schematic/pkgIndex.tcl
/eda/synopsys/2020-21/RHELx86/SYN_2020.09-SP2/auxx/gui/common/docBrowser/pkgIndex.tcl
/eda/synopsys/2020-21/RHELx86/SYN_2020.09-SP2/auxx/gui/common/palettegroup/pkgIndex.tcl
/eda/synopsys/2020-21/RHELx86/SYN_2020.09-SP2/auxx/gui/common/table/pkgIndex.tcl
/eda/synopsys/2020-21/RHELx86/SYN_2020.09-SP2/auxx/gui/common/histogram/pkgIndex.tcl
/eda/synopsys/2020-21/RHELx86/SYN_2020.09-SP2/auxx/gui/common/mrupalette/pkgIndex.tcl
/eda/synopsys/2020-21/RHELx86/SYN_2020.09-SP2/auxx/gui/common/view/pkgIndex.tcl
/eda/synopsys/2020-21/RHELx86/SYN_2020.09-SP2/auxx/gui/common/layout/pkgIndex.tcl
/eda/synopsys/2020-21/RHELx86/SYN_2020.09-SP2/auxx/gui/common/dialogs/pkgIndex.tcl
/eda/synopsys/2020-21/RHELx86/SYN_2020.09-SP2/auxx/gui/common/hierarchy/pkgIndex.tcl
/eda/synopsys/2020-21/RHELx86/SYN_2020.09-SP2/auxx/gui/common/menus/pkgIndex.tcl
/eda/synopsys/2020-21/RHELx86/SYN_2020.09-SP2/auxx/gui/common/qtcl/pkgIndex.tcl
/eda/synopsys/2020-21/RHELx86/SYN_2020.09-SP2/auxx/gui/common/strokes/pkgIndex.tcl
/eda/synopsys/2020-21/RHELx86/SYN_2020.09-SP2/auxx/gui/common/tq/pkgIndex.tcl
/eda/synopsys/2020-21/RHELx86/SYN_2020.09-SP2/auxx/gui/common/select/pkgIndex.tcl
/eda/synopsys/2020-21/RHELx86/SYN_2020.09-SP2/auxx/gui/common/hierAttrView/pkgIndex.tcl
/eda/synopsys/2020-21/RHELx86/SYN_2020.09-SP2/auxx/gui/common/regressionToolkit/pkgIndex.tcl
/eda/synopsys/2020-21/RHELx86/SYN_2020.09-SP2/auxx/gui/common/libviewer/pkgIndex.tcl
/eda/synopsys/2020-21/RHELx86/SYN_2020.09-SP2/auxx/gui/common/rtlxref/pkgIndex.tcl
/eda/synopsys/2020-21/RHELx86/SYN_2020.09-SP2/auxx/gui/common/3dic/pkgIndex.tcl
/eda/synopsys/2020-21/RHELx86/SYN_2020.09-SP2/auxx/gui/common/opdlg/pkgIndex.tcl
/eda/synopsys/2020-21/RHELx86/SYN_2020.09-SP2/auxx/gui/common/timing/pkgIndex.tcl
/eda/synopsys/2020-21/RHELx86/SYN_2020.09-SP2/auxx/gui/dv/pkgIndex.tcl
/eda/synopsys/2020-21/RHELx86/SYN_2020.09-SP2/auxx/syn/lib/pkgIndex.tcl
/eda/synopsys/2020-21/RHELx86/SYN_2020.09-SP2/auxx/tcllib/lib/iwidgets4.1/pkgIndex.tcl
/eda/synopsys/2020-21/RHELx86/SYN_2020.09-SP2/auxx/tcllib/snps_tcl/snpsTclPro/pkgIndex.tcl
/eda/synopsys/2020-21/RHELx86/SYN_2020.09-SP2/auxx/tcllib/snps_tcl/snpsTest/pkgIndex.tcl
/eda/synopsys/2020-21/RHELx86/SYN_2020.09-SP2/auxx/tcllib/snps_tcl/snpsUtils/pkgIndex.tcl
/eda/synopsys/2020-21/RHELx86/SYN_2020.09-SP2/auxx/tcllib/snps_tcl/pkgIndex.tcl
/eda/synopsys/2020-21/RHELx86/SYN_2020.09-SP2/auxx/tcllib/lib/tcl8.6/platform/pkgIndex.tcl
/eda/synopsys/2020-21/RHELx86/SYN_2020.09-SP2/auxx/tcllib/lib/tcl8.6/tcltest/pkgIndex.tcl
/eda/synopsys/2020-21/RHELx86/SYN_2020.09-SP2/auxx/tcllib/lib/tcl8.6/msgcat/pkgIndex.tcl
/eda/synopsys/2020-21/RHELx86/SYN_2020.09-SP2/auxx/tcllib/lib/tcl8.6/http1.0/pkgIndex.tcl
/eda/synopsys/2020-21/RHELx86/SYN_2020.09-SP2/auxx/tcllib/lib/tcl8.6/http/pkgIndex.tcl
/eda/synopsys/2020-21/RHELx86/SYN_2020.09-SP2/auxx/tcllib/lib/tcl8.6/dde/pkgIndex.tcl
/eda/synopsys/2020-21/RHELx86/SYN_2020.09-SP2/auxx/tcllib/lib/tcl8.6/opt/pkgIndex.tcl
/eda/synopsys/2020-21/RHELx86/SYN_2020.09-SP2/auxx/tcllib/lib/tcl8.6/reg/pkgIndex.tcl
/eda/synopsys/2020-21/RHELx86/SYN_2020.09-SP2/auxx/gui/common/setup/snpsCommonSetup.tcl
/eda/synopsys/2020-21/RHELx86/SYN_2020.09-SP2/auxx/gui/common/setup/snpsCustomize.tcl
/eda/synopsys/2020-21/RHELx86/SYN_2020.09-SP2/auxx/gui/common/setup/snpsProcheck.tcl
/eda/synopsys/2020-21/RHELx86/SYN_2020.09-SP2/auxx/gui/common/misc/base.tcl
/eda/synopsys/2020-21/RHELx86/SYN_2020.09-SP2/auxx/gui/common/misc/timing.tcl
/eda/synopsys/2020-21/RHELx86/SYN_2020.09-SP2/auxx/gui/common/misc/setting.tcl
/eda/synopsys/2020-21/RHELx86/SYN_2020.09-SP2/auxx/gui/common/misc/preset.tcl
/eda/synopsys/2020-21/RHELx86/SYN_2020.09-SP2/auxx/gui/common/WindowFrameWork/windowFrameWork.tcl
/eda/synopsys/2020-21/RHELx86/SYN_2020.09-SP2/auxx/gui/common/WindowFrameWork/skipBusyCursorCmdList.tcl
/eda/synopsys/2020-21/RHELx86/SYN_2020.09-SP2/auxx/gui/common/qtcl/.synopsys_qtcl.tcl
/eda/synopsys/2020-21/RHELx86/SYN_2020.09-SP2/auxx/gui/common/highlight/highlight.tcl
/eda/synopsys/2020-21/RHELx86/SYN_2020.09-SP2/auxx/gui/common/palettegroup/palettegroup.tcl
/eda/synopsys/2020-21/RHELx86/SYN_2020.09-SP2/auxx/gui/common/commandform/commandform.tcl
/eda/synopsys/2020-21/RHELx86/SYN_2020.09-SP2/auxx/gui/common/tiledview/tiledview.tcl
/eda/synopsys/2020-21/RHELx86/SYN_2020.09-SP2/auxx/gui/common/docBrowser/docBrowser.tcl
/eda/synopsys/2020-21/RHELx86/SYN_2020.09-SP2/auxx/tcllib/snps_tcl/snpsUtils/snpsUtils.tcl
/eda/synopsys/2020-21/RHELx86/SYN_2020.09-SP2/auxx/gui/common/dialogs/ObjectChooser.tcl
/eda/synopsys/2020-21/RHELx86/SYN_2020.09-SP2/auxx/gui/common/misc/DialogObjectChooser.tcl
/eda/synopsys/2020-21/RHELx86/SYN_2020.09-SP2/auxx/gui/common/dialogs/HistBinInformation.tcl
/eda/synopsys/2020-21/RHELx86/SYN_2020.09-SP2/auxx/gui/common/dialogs/HistBin1Information.tcl
/eda/synopsys/2020-21/RHELx86/SYN_2020.09-SP2/auxx/gui/common/dialogs/BinsOnlyInformation.tcl
/eda/synopsys/2020-21/RHELx86/SYN_2020.09-SP2/auxx/gui/common/dialogs/FileChooser.tcl
/eda/synopsys/2020-21/RHELx86/SYN_2020.09-SP2/auxx/gui/common/dialogs/PathPinSimpleInfo.tcl
/eda/synopsys/2020-21/RHELx86/SYN_2020.09-SP2/auxx/gui/common/dialogs/PathsBasicInfo.tcl
/eda/synopsys/2020-21/RHELx86/SYN_2020.09-SP2/auxx/gui/common/dialogs/PathsBasicSimpleInfo.tcl
/eda/synopsys/2020-21/RHELx86/SYN_2020.09-SP2/auxx/gui/common/dialogs/SlctOperationInfo.tcl
/eda/synopsys/2020-21/RHELx86/SYN_2020.09-SP2/auxx/gui/common/dialogs/ObjectListInfo.tcl
/eda/synopsys/2020-21/RHELx86/SYN_2020.09-SP2/auxx/gui/common/dialogs/FanInOutInfo.tcl
/eda/synopsys/2020-21/RHELx86/SYN_2020.09-SP2/auxx/gui/common/dialogs/NumberOfLevelsChooser.tcl
/eda/synopsys/2020-21/RHELx86/SYN_2020.09-SP2/auxx/gui/common/dialogs/WindowReuseInfo.tcl
/eda/synopsys/2020-21/RHELx86/SYN_2020.09-SP2/auxx/gui/common/dialogs/ReportOutputOptionInfo.tcl
/eda/synopsys/2020-21/RHELx86/SYN_2020.09-SP2/auxx/gui/common/setup/snpsCollections.tcl
/eda/synopsys/2020-21/RHELx86/SYN_2020.09-SP2/auxx/gui/common/dialogs/CompileLinkDesign.tcl
/eda/synopsys/2020-21/RHELx86/SYN_2020.09-SP2/auxx/gui/common/histogram/base.tcl
/eda/synopsys/2020-21/RHELx86/SYN_2020.09-SP2/auxx/gui/common/histogram/DialogNetCapacitance.tcl
/eda/synopsys/2020-21/RHELx86/SYN_2020.09-SP2/auxx/gui/common/schematic/DialogPathSchematicFanInOut.tcl
/eda/synopsys/2020-21/RHELx86/SYN_2020.09-SP2/auxx/gui/common/schematic/DialogPathSchematicAddPaths.tcl
/home/s267517/assignment/riscv/gate/syn_script.tcl
/home/s267517/assignment/riscv/gate/techlib/NangateOpenCellLibrary_typical_ccs_scan.db
/eda/synopsys/2020-21/RHELx86/SYN_2020.09-SP2/libraries/syn/dw_foundation.sldb
/eda/synopsys/2020-21/RHELx86/SYN_2020.09-SP2/libraries/syn/gtech.db
/eda/synopsys/2020-21/RHELx86/SYN_2020.09-SP2/libraries/syn/standard.sldb
/home/s267517/assignment/riscv/gate/techlib/NangateOpenCellLibrary_typical_ccs_scan.db
/home/s267517/assignment/riscv/gate/run/riscv_core.ddc
/home/s267517/assignment/riscv/gate/techlib/NangateOpenCellLibrary_typical_ccs_scan.db
/home/s267517/assignment/riscv/gate/run/alib-52/NangateOpenCellLibrary_typical_ccs_scan.db.alib
/home/s267517/assignment/riscv/gate/techlib/NangateOpenCellLibrary_typical_ccs_scan.db
/home/s267517/assignment/riscv/gate/run/alib-52/NangateOpenCellLibrary_typical_ccs_scan.db.alib
/home/s267517/assignment/riscv/gate/techlib/NangateOpenCellLibrary_typical_ccs_scan.db
/home/s267517/assignment/riscv/gate/run/riscv_core_0_128_1_16_1_1_0_0_0_0_0_0_0_0_0_3_6_15_5_1a110800_SCCOMP_DECOMPRESSOR.v
/home/s267517/assignment/riscv/gate/run/riscv_core_0_128_1_16_1_1_0_0_0_0_0_0_0_0_0_3_6_15_5_1a110800_SCCOMP_DECOMPRESSOR.v
/home/s267517/assignment/riscv/gate/run/riscv_core_0_128_1_16_1_1_0_0_0_0_0_0_0_0_0_3_6_15_5_1a110800_SCCOMP_COMPRESSOR.v
/home/s267517/assignment/riscv/gate/run/riscv_core_0_128_1_16_1_1_0_0_0_0_0_0_0_0_0_3_6_15_5_1a110800_SCCOMP_COMPRESSOR.v
/home/s267517/assignment/riscv/gate/techlib/NangateOpenCellLibrary_typical_ccs_scan.db
/home/s267517/assignment/riscv/gate/run/alib-52/NangateOpenCellLibrary_typical_ccs_scan.db.alib
